2015-06-06 18:32:12 Error: [MissingControllerException] Controller class RestPhonesController could not be found.
Exception Attributes: array (
  'class' => 'RestPhonesController',
  'plugin' => NULL,
)
Request URL: /here/rest_phones/1.json
Stack Trace:
#0 /var/www/here/app/webroot/index.php(118): Dispatcher->dispatch(Object(CakeRequest), Object(CakeResponse))
#1 {main}
2015-06-06 18:33:42 Error: [MissingControllerException] Controller class RestPeopleController could not be found.
Exception Attributes: array (
  'class' => 'RestPeopleController',
  'plugin' => NULL,
)
Request URL: /here/rest_people.json
Stack Trace:
#0 /var/www/here/app/webroot/index.php(118): Dispatcher->dispatch(Object(CakeRequest), Object(CakeResponse))
#1 {main}
2015-06-06 18:34:22 Error: [MissingControllerException] Controller class RestPeopleController could not be found.
Exception Attributes: array (
  'class' => 'RestPeopleController',
  'plugin' => NULL,
)
Request URL: /here/rest_people.json
Stack Trace:
#0 /var/www/here/app/webroot/index.php(118): Dispatcher->dispatch(Object(CakeRequest), Object(CakeResponse))
#1 {main}
2015-06-06 19:43:19 Error: [MissingViewException] View file "Client/request_add.ctp" is missing.
Exception Attributes: array (
  'file' => 'Client/request_add.ctp',
)
Request URL: /here/client/request_add
Stack Trace:
#0 /var/www/here/lib/Cake/View/View.php(470): View->_getViewFileName(NULL)
#1 /var/www/here/lib/Cake/Controller/Controller.php(960): View->render(NULL, NULL)
#2 /var/www/here/lib/Cake/Routing/Dispatcher.php(200): Controller->render()
#3 /var/www/here/lib/Cake/Routing/Dispatcher.php(167): Dispatcher->_invoke(Object(ClientController), Object(CakeRequest))
#4 /var/www/here/app/webroot/index.php(118): Dispatcher->dispatch(Object(CakeRequest), Object(CakeResponse))
#5 {main}
